<?xml version="1.0" encoding="UTF-8"?>
<!-- Generated by org.testng.reporters.JUnitXMLReporter -->
<testsuite hostname="CACDTL04AJ821G" ignored="0" name="home" tests="1" failures="1" timestamp="29 Dec 2018 01:04:03 GMT" time="0.107" errors="0">
  <testcase name="loginTest" time="0.0" classname="com.testpackage.LoginTest">
    <failure type="org.testng.TestNGException" message="
Data Provider public java.lang.Object[][] com.testpackage.LoginTest.getLoginData() returned a null value">
      <![CDATA[org.testng.TestNGException: 
Data Provider public java.lang.Object[][] com.testpackage.LoginTest.getLoginData() returned a null value
at java.util.concurrent.FutureTask.run(Unknown Source)
at java.util.concurrent.ThreadPoolExecutor.runWorker(Unknown Source)
at java.util.concurrent.ThreadPoolExecutor$Worker.run(Unknown Source)
at java.lang.Thread.run(Unknown Source)
... Removed 13 stack frames]]>
    </failure>
  </testcase> <!-- loginTest -->
</testsuite> <!-- home -->
