<?xml version="1.0" encoding="UTF-8"?>
<!-- Generated by org.testng.reporters.JUnitXMLReporter -->
<testsuite hostname="CACDTL04AJ821G" ignored="0" name="TestCase1" tests="10" failures="0" timestamp="29 Dec 2018 04:19:43 GMT" time="73.58" errors="0">
  <testcase name="loginTest" time="3.511" classname="com.loginpackage.LoginTest"/>
  <testcase name="loginTest" time="3.211" classname="com.loginpackage.LoginTest"/>
  <testcase name="loginTest" time="3.192" classname="com.loginpackage.LoginTest"/>
  <testcase name="loginTest" time="3.208" classname="com.loginpackage.LoginTest"/>
  <testcase name="loginTest" time="3.187" classname="com.loginpackage.LoginTest"/>
  <testcase name="loginTest" time="3.19" classname="com.loginpackage.LoginTest"/>
  <testcase name="loginTest" time="3.183" classname="com.loginpackage.LoginTest"/>
  <testcase name="getAllElementsOnHomePage" time="3.74" classname="com.palindromevalidation.HomePageElements"/>
  <testcase name="countNumberofPlaindromes" time="0.005" classname="com.palindromevalidation.HomePageElements"/>
  <testcase name="printingPalindromes" time="0.007" classname="com.palindromevalidation.HomePageElements"/>
</testsuite> <!-- TestCase1 -->
